<?xml version="1.0" encoding="UTF-8"?>
<!-- Generated by org.testng.reporters.JUnitReportReporter -->
<testsuite hostname="LHTU05CG034592N" name="com.sample.test.TestDemo" tests="1" failures="0" timestamp="10 Sep 2021 03:55:37 GMT" time="0.020" errors="0">
  <testcase name="browserLaunch" time="0.020" classname="com.sample.test.TestDemo"/>
</testsuite> <!-- com.sample.test.TestDemo -->
